# JRE version: Java(TM) SE Runtime Environment (8.0_131-b11) (build 1.8.0_131-b11)
# Java VM: Java HotSpot(TM) 64-Bit Server VM (25.131-b11 mixed mode windows-amd64 compressed oops)
Heap:
 PSYoungGen      total 262656K, used 215186K [0x00000000d5f80000, 0x00000000ef600000, 0x0000000100000000)
  eden space 249856K, 86% used [0x00000000d5f80000,0x00000000e31a4b70,0x00000000e5380000)
  from space 12800K, 0% used [0x00000000e5380000,0x00000000e5380000,0x00000000e6000000)
  to   space 13312K, 0% used [0x00000000ee900000,0x00000000ee900000,0x00000000ef600000)
 ParOldGen       total 79360K, used 21501K [0x0000000081e00000, 0x0000000086b80000, 0x00000000d5f80000)
  object space 79360K, 27% used [0x0000000081e00000,0x00000000832ff608,0x0000000086b80000)
 Metaspace       used 38117K, capacity 39948K, committed 40320K, reserved 1083392K
  class space    used 5277K, capacity 5650K, committed 5760K, reserved 1048576K
GC Heap History (10 events):
Event: 7.167 GC heap before
{Heap before GC invocations=9 (full 1):
 PSYoungGen      total 138240K, used 130464K [0x00000000d5f80000, 0x00000000e2780000, 0x0000000100000000)
  eden space 128000K, 100% used [0x00000000d5f80000,0x00000000ddc80000,0x00000000ddc80000)
  from space 10240K, 24% used [0x00000000ddc80000,0x00000000ddee8000,0x00000000de680000)
  to   space 10752K, 0% used [0x00000000e1d00000,0x00000000e1d00000,0x00000000e2780000)
 ParOldGen       total 57344K, used 10004K [0x0000000081e00000, 0x0000000085600000, 0x00000000d5f80000)
  object space 57344K, 17% used [0x0000000081e00000,0x00000000827c51d0,0x0000000085600000)
 Metaspace       used 25905K, capacity 27000K, committed 27136K, reserved 1073152K
  class space    used 3523K, capacity 3760K, committed 3840K, reserved 1048576K
Event: 7.175 GC heap after
Heap after GC invocations=9 (full 1):
 PSYoungGen      total 194048K, used 8116K [0x00000000d5f80000, 0x00000000e3f00000, 0x0000000100000000)
  eden space 183296K, 0% used [0x00000000d5f80000,0x00000000d5f80000,0x00000000e1280000)
  from space 10752K, 75% used [0x00000000e1d00000,0x00000000e24ed0a0,0x00000000e2780000)
  to   space 10752K, 0% used [0x00000000e1280000,0x00000000e1280000,0x00000000e1d00000)
 ParOldGen       total 57344K, used 10012K [0x0000000081e00000, 0x0000000085600000, 0x00000000d5f80000)
  object space 57344K, 17% used [0x0000000081e00000,0x00000000827c71d0,0x0000000085600000)
 Metaspace       used 25905K, capacity 27000K, committed 27136K, reserved 1073152K
  class space    used 3523K, capacity 3760K, committed 3840K, reserved 1048576K
}
Event: 8.105 GC heap before
{Heap before GC invocations=10 (full 1):
 PSYoungGen      total 194048K, used 191412K [0x00000000d5f80000, 0x00000000e3f00000, 0x0000000100000000)
  eden space 183296K, 100% used [0x00000000d5f80000,0x00000000e1280000,0x00000000e1280000)
  from space 10752K, 75% used [0x00000000e1d00000,0x00000000e24ed0a0,0x00000000e2780000)
  to   space 10752K, 0% used [0x00000000e1280000,0x00000000e1280000,0x00000000e1d00000)
 ParOldGen       total 57344K, used 10012K [0x0000000081e00000, 0x0000000085600000, 0x00000000d5f80000)
  object space 57344K, 17% used [0x0000000081e00000,0x00000000827c71d0,0x0000000085600000)
 Metaspace       used 29045K, capacity 30110K, committed 30464K, reserved 1075200K
  class space    used 3985K, capacity 4225K, committed 4352K, reserved 1048576K
Event: 8.115 GC heap after
Heap after GC invocations=10 (full 1):
 PSYoungGen      total 194048K, used 8917K [0x00000000d5f80000, 0x00000000e6b80000, 0x0000000100000000)
  eden space 183296K, 0% used [0x00000000d5f80000,0x00000000d5f80000,0x00000000e1280000)
  from space 10752K, 82% used [0x00000000e1280000,0x00000000e1b355f0,0x00000000e1d00000)
  to   space 11776K, 0% used [0x00000000e6000000,0x00000000e6000000,0x00000000e6b80000)
 ParOldGen       total 57344K, used 11744K [0x0000000081e00000, 0x0000000085600000, 0x00000000d5f80000)
  object space 57344K, 20% used [0x0000000081e00000,0x00000000829781e0,0x0000000085600000)
 Metaspace       used 29045K, capacity 30110K, committed 30464K, reserved 1075200K
  class space    used 3985K, capacity 4225K, committed 4352K, reserved 1048576K
}
Event: 9.874 GC heap before
{Heap before GC invocations=11 (full 1):
 PSYoungGen      total 194048K, used 192213K [0x00000000d5f80000, 0x00000000e6b80000, 0x0000000100000000)
  eden space 183296K, 100% used [0x00000000d5f80000,0x00000000e1280000,0x00000000e1280000)
  from space 10752K, 82% used [0x00000000e1280000,0x00000000e1b355f0,0x00000000e1d00000)
  to   space 11776K, 0% used [0x00000000e6000000,0x00000000e6000000,0x00000000e6b80000)
 ParOldGen       total 57344K, used 11744K [0x0000000081e00000, 0x0000000085600000, 0x00000000d5f80000)
  object space 57344K, 20% used [0x0000000081e00000,0x00000000829781e0,0x0000000085600000)
 Metaspace       used 33355K, capacity 34942K, committed 35200K, reserved 1079296K
  class space    used 4593K, capacity 4895K, committed 4992K, reserved 1048576K
Event: 9.901 GC heap after
Heap after GC invocations=11 (full 1):
 PSYoungGen      total 261632K, used 11309K [0x00000000d5f80000, 0x00000000e6f80000, 0x0000000100000000)
  eden space 249856K, 0% used [0x00000000d5f80000,0x00000000d5f80000,0x00000000e5380000)
  from space 11776K, 96% used [0x00000000e6000000,0x00000000e6b0b668,0x00000000e6b80000)
  to   space 12800K, 0% used [0x00000000e5380000,0x00000000e5380000,0x00000000e6000000)
 ParOldGen       total 57344K, used 14865K [0x0000000081e00000, 0x0000000085600000, 0x00000000d5f80000)
  object space 57344K, 25% used [0x0000000081e00000,0x0000000082c845e8,0x0000000085600000)
 Metaspace       used 33355K, capacity 34942K, committed 35200K, reserved 1079296K
  class space    used 4593K, capacity 4895K, committed 4992K, reserved 1048576K
}
Event: 9.939 GC heap before
{Heap before GC invocations=12 (full 1):
 PSYoungGen      total 261632K, used 20453K [0x00000000d5f80000, 0x00000000e6f80000, 0x0000000100000000)
  eden space 249856K, 3% used [0x00000000d5f80000,0x00000000d686e130,0x00000000e5380000)
  from space 11776K, 96% used [0x00000000e6000000,0x00000000e6b0b668,0x00000000e6b80000)
  to   space 12800K, 0% used [0x00000000e5380000,0x00000000e5380000,0x00000000e6000000)
 ParOldGen       total 57344K, used 14865K [0x0000000081e00000, 0x0000000085600000, 0x00000000d5f80000)
  object space 57344K, 25% used [0x0000000081e00000,0x0000000082c845e8,0x0000000085600000)
 Metaspace       used 33721K, capacity 35378K, committed 35456K, reserved 1079296K
  class space    used 4645K, capacity 4973K, committed 4992K, reserved 1048576K
Event: 9.960 GC heap after
Heap after GC invocations=12 (full 1):
 PSYoungGen      total 262656K, used 240K [0x00000000d5f80000, 0x00000000ef600000, 0x0000000100000000)
  eden space 249856K, 0% used [0x00000000d5f80000,0x00000000d5f80000,0x00000000e5380000)
  from space 12800K, 1% used [0x00000000e5380000,0x00000000e53bc3a0,0x00000000e6000000)
  to   space 13312K, 0% used [0x00000000ee900000,0x00000000ee900000,0x00000000ef600000)
 ParOldGen       total 57344K, used 22981K [0x0000000081e00000, 0x0000000085600000, 0x00000000d5f80000)
  object space 57344K, 40% used [0x0000000081e00000,0x0000000083471450,0x0000000085600000)
 Metaspace       used 33721K, capacity 35378K, committed 35456K, reserved 1079296K
  class space    used 4645K, capacity 4973K, committed 4992K, reserved 1048576K
}
Event: 9.960 GC heap before
{Heap before GC invocations=13 (full 2):
 PSYoungGen      total 262656K, used 240K [0x00000000d5f80000, 0x00000000ef600000, 0x0000000100000000)
  eden space 249856K, 0% used [0x00000000d5f80000,0x00000000d5f80000,0x00000000e5380000)
  from space 12800K, 1% used [0x00000000e5380000,0x00000000e53bc3a0,0x00000000e6000000)
  to   space 13312K, 0% used [0x00000000ee900000,0x00000000ee900000,0x00000000ef600000)
 ParOldGen       total 57344K, used 22981K [0x0000000081e00000, 0x0000000085600000, 0x00000000d5f80000)
  object space 57344K, 40% used [0x0000000081e00000,0x0000000083471450,0x0000000085600000)
 Metaspace       used 33721K, capacity 35378K, committed 35456K, reserved 1079296K
  class space    used 4645K, capacity 4973K, committed 4992K, reserved 1048576K
Event: 10.172 GC heap after
Heap after GC invocations=13 (full 2):
 PSYoungGen      total 262656K, used 0K [0x00000000d5f80000, 0x00000000ef600000, 0x0000000100000000)
  eden space 249856K, 0% used [0x00000000d5f80000,0x00000000d5f80000,0x00000000e5380000)
  from space 12800K, 0% used [0x00000000e5380000,0x00000000e5380000,0x00000000e6000000)
  to   space 13312K, 0% used [0x00000000ee900000,0x00000000ee900000,0x00000000ef600000)
 ParOldGen       total 79360K, used 21501K [0x0000000081e00000, 0x0000000086b80000, 0x00000000d5f80000)
  object space 79360K, 27% used [0x0000000081e00000,0x00000000832ff608,0x0000000086b80000)
 Metaspace       used 33721K, capacity 35378K, committed 35456K, reserved 1079296K
  class space    used 4645K, capacity 4973K, committed 4992K, reserved 1048576K
}

